<?xml version="1.0" encoding="UTF-8"?>
<testsuite name="com.test.PactTest" tests="1" skipped="0" failures="0" errors="0" timestamp="2018-08-26T16:15:57" hostname="EPUAKHAW1354" time="2.756">
  <properties/>
  <testcase name="testGetRequestForJson" classname="com.test.PactTest" time="2.756"/>
  <system-out><![CDATA[]]></system-out>
  <system-err><![CDATA[SLF4J: Failed to load class "org.slf4j.impl.StaticLoggerBinder".
SLF4J: Defaulting to no-operation (NOP) logger implementation
SLF4J: See http://www.slf4j.org/codes.html#StaticLoggerBinder for further details.
]]></system-err>
</testsuite>
